[ 2025-01-08 07:02:23,914 ] 15 root - INFO - initiate the data ingestion
[ 2025-01-08 07:02:24,169 ] 96 pymongo.serverSelection - INFO - {"message": "Waiting for suitable server to become available", "selector": "Primary()", "operation": "find", "topologyDescription": "<TopologyDescription id: 677dd5a823dca2284d1a1905, topology_type: ReplicaSetNoPrimary, servers: [<ServerDescription ('cluster0-shard-00-00.7be0x.mongodb.net', 27017) server_type: Unknown, rtt: None>, <ServerDescription ('cluster0-shard-00-01.7be0x.mongodb.net', 27017) server_type: Unknown, rtt: None>, <ServerDescription ('cluster0-shard-00-02.7be0x.mongodb.net', 27017) server_type: Unknown, rtt: None>]>", "clientId": {"$oid": "677dd5a823dca2284d1a1905"}, "remainingTimeMS": 30}
[ 2025-01-08 07:02:25,961 ] 68 root - INFO - performed train test split on dataframe
[ 2025-01-08 07:02:25,962 ] 73 root - INFO - Created directory for train test data
[ 2025-01-08 07:02:26,033 ] 80 root - INFO - Exported train and test file path
[ 2025-01-08 07:02:26,036 ] 17 root - INFO - Data Ingestion is completed
[ 2025-01-08 07:02:26,045 ] 21 root - INFO - initiate data validation
[ 2025-01-08 07:02:26,106 ] 34 root - INFO - Required number of columns:2
[ 2025-01-08 07:02:26,106 ] 35 root - INFO - Data Frame has columns :Index(['_id', 'having_IP_Address', 'URL_Length', 'Shortining_Service',
       'having_At_Symbol', 'double_slash_redirecting', 'Prefix_Suffix',
       'having_Sub_Domain', 'SSLfinal_State', 'Domain_registeration_length',
       'Favicon', 'port', 'HTTPS_token', 'Request_URL', 'URL_of_Anchor',
       'Links_in_tags', 'SFH', 'Submitting_to_email', 'Abnormal_URL',
       'Redirect', 'on_mouseover', 'RightClick', 'popUpWidnow', 'Iframe',
       'age_of_domain', 'DNSRecord', 'web_traffic', 'Page_Rank',
       'Google_Index', 'Links_pointing_to_page', 'Statistical_report',
       'Result'],
      dtype='object')
[ 2025-01-08 07:02:26,106 ] 34 root - INFO - Required number of columns:2
[ 2025-01-08 07:02:26,106 ] 35 root - INFO - Data Frame has columns :Index(['_id', 'having_IP_Address', 'URL_Length', 'Shortining_Service',
       'having_At_Symbol', 'double_slash_redirecting', 'Prefix_Suffix',
       'having_Sub_Domain', 'SSLfinal_State', 'Domain_registeration_length',
       'Favicon', 'port', 'HTTPS_token', 'Request_URL', 'URL_of_Anchor',
       'Links_in_tags', 'SFH', 'Submitting_to_email', 'Abnormal_URL',
       'Redirect', 'on_mouseover', 'RightClick', 'popUpWidnow', 'Iframe',
       'age_of_domain', 'DNSRecord', 'web_traffic', 'Page_Rank',
       'Google_Index', 'Links_pointing_to_page', 'Statistical_report',
       'Result'],
      dtype='object')
[ 2025-01-08 07:02:26,284 ] 23 root - INFO - data validation is completed
[ 2025-01-08 07:02:26,285 ] 25 root - INFO - initiate the data tranformation
[ 2025-01-08 07:02:26,285 ] 27 root - INFO - data Transformation started
[ 2025-01-08 07:02:26,285 ] 58 root - INFO - Entered initiate_data_transformation method of DataTransformation class
[ 2025-01-08 07:02:26,285 ] 60 root - INFO - Starting data transformation
[ 2025-01-08 07:02:26,364 ] 45 root - INFO - Entered get_data_transformer_object method of DataTransformation class
[ 2025-01-08 07:02:26,364 ] 48 root - INFO - Initialized KNNImputer with {'missing_values': nan, 'n_neighbors': 3, 'weights': 'uniform'}
[ 2025-01-08 07:02:32,932 ] 44 root - INFO - Entered the save_object method of MainUtils class
[ 2025-01-08 07:02:32,935 ] 48 root - INFO - Exited the save_object method of MainUtils class
[ 2025-01-08 07:02:32,935 ] 100 root - INFO - Data transformation completed successfully
[ 2025-01-08 07:02:32,938 ] 31 root - INFO - data Transformation completed
