[ 2025-01-12 00:04:14,299 ] 1025 httpx - INFO - HTTP Request: GET https://dagshub.com/api/v1/user "HTTP/1.1 200 OK"
[ 2025-01-12 00:04:14,309 ] 107 dagshub - INFO - Accessing as Manohar-mata
[ 2025-01-12 00:04:14,494 ] 1025 httpx - INFO - HTTP Request: GET https://dagshub.com/api/v1/repos/Manohar-mata/NetworkSecurity "HTTP/1.1 200 OK"
[ 2025-01-12 00:04:14,639 ] 1025 httpx - INFO - HTTP Request: GET https://dagshub.com/api/v1/user "HTTP/1.1 200 OK"
[ 2025-01-12 00:04:14,648 ] 107 dagshub - INFO - Initialized MLflow to track repo "Manohar-mata/NetworkSecurity"
[ 2025-01-12 00:04:14,649 ] 107 dagshub - INFO - Repository Manohar-mata/NetworkSecurity initialized!
[ 2025-01-12 00:04:42,949 ] 42 root - INFO - Start data Ingestion
[ 2025-01-12 00:04:43,607 ] 96 pymongo.serverSelection - INFO - {"message": "Waiting for suitable server to become available", "selector": "Primary()", "operation": "find", "topologyDescription": "<TopologyDescription id: 6782b9c33e130dd2426aa5af, topology_type: ReplicaSetNoPrimary, servers: [<ServerDescription ('cluster0-shard-00-00.7be0x.mongodb.net', 27017) server_type: Unknown, rtt: None>, <ServerDescription ('cluster0-shard-00-01.7be0x.mongodb.net', 27017) server_type: Unknown, rtt: None>, <ServerDescription ('cluster0-shard-00-02.7be0x.mongodb.net', 27017) server_type: Unknown, rtt: None>]>", "clientId": {"$oid": "6782b9c33e130dd2426aa5af"}, "remainingTimeMS": 30}
[ 2025-01-12 00:04:45,781 ] 68 root - INFO - performed train test split on dataframe
[ 2025-01-12 00:04:45,782 ] 73 root - INFO - Created directory for train test data
[ 2025-01-12 00:04:45,929 ] 80 root - INFO - Exported train and test file path
[ 2025-01-12 00:04:45,934 ] 45 root - INFO - Data Ingestion completed and artifact: DataIngestoinArtifacts(trained_file_path='Artifacts\\01_12_2025_00_04_04\\data_ingestion\\ingested\\train.csv', tested_file_path='Artifacts\\01_12_2025_00_04_04\\data_ingestion\\ingested\\test.csv')
[ 2025-01-12 00:04:45,966 ] 55 root - INFO - Initiate the data Validation
[ 2025-01-12 00:04:46,049 ] 34 root - INFO - Required number of columns:2
[ 2025-01-12 00:04:46,050 ] 35 root - INFO - Data Frame has columns :Index(['_id', 'having_IP_Address', 'URL_Length', 'Shortining_Service',
       'having_At_Symbol', 'double_slash_redirecting', 'Prefix_Suffix',
       'having_Sub_Domain', 'SSLfinal_State', 'Domain_registeration_length',
       'Favicon', 'port', 'HTTPS_token', 'Request_URL', 'URL_of_Anchor',
       'Links_in_tags', 'SFH', 'Submitting_to_email', 'Abnormal_URL',
       'Redirect', 'on_mouseover', 'RightClick', 'popUpWidnow', 'Iframe',
       'age_of_domain', 'DNSRecord', 'web_traffic', 'Page_Rank',
       'Google_Index', 'Links_pointing_to_page', 'Statistical_report',
       'Result'],
      dtype='object')
[ 2025-01-12 00:04:46,050 ] 34 root - INFO - Required number of columns:2
[ 2025-01-12 00:04:46,050 ] 35 root - INFO - Data Frame has columns :Index(['_id', 'having_IP_Address', 'URL_Length', 'Shortining_Service',
       'having_At_Symbol', 'double_slash_redirecting', 'Prefix_Suffix',
       'having_Sub_Domain', 'SSLfinal_State', 'Domain_registeration_length',
       'Favicon', 'port', 'HTTPS_token', 'Request_URL', 'URL_of_Anchor',
       'Links_in_tags', 'SFH', 'Submitting_to_email', 'Abnormal_URL',
       'Redirect', 'on_mouseover', 'RightClick', 'popUpWidnow', 'Iframe',
       'age_of_domain', 'DNSRecord', 'web_traffic', 'Page_Rank',
       'Google_Index', 'Links_pointing_to_page', 'Statistical_report',
       'Result'],
      dtype='object')
[ 2025-01-12 00:04:46,410 ] 58 root - INFO - Entered initiate_data_transformation method of DataTransformation class
[ 2025-01-12 00:04:46,410 ] 60 root - INFO - Starting data transformation
[ 2025-01-12 00:04:46,544 ] 45 root - INFO - Entered get_data_transformer_object method of DataTransformation class
[ 2025-01-12 00:04:46,544 ] 48 root - INFO - Initialized KNNImputer with {'missing_values': nan, 'n_neighbors': 3, 'weights': 'uniform'}
[ 2025-01-12 00:05:00,152 ] 46 root - INFO - Entered the save_object method of MainUtils class
[ 2025-01-12 00:05:00,158 ] 50 root - INFO - Exited the save_object method of MainUtils class
[ 2025-01-12 00:05:00,159 ] 46 root - INFO - Entered the save_object method of MainUtils class
[ 2025-01-12 00:05:00,161 ] 50 root - INFO - Exited the save_object method of MainUtils class
[ 2025-01-12 00:05:00,161 ] 103 root - INFO - Data transformation completed successfully
[ 2025-01-12 00:09:22,000 ] 46 root - INFO - Entered the save_object method of MainUtils class
[ 2025-01-12 00:09:22,056 ] 50 root - INFO - Exited the save_object method of MainUtils class
[ 2025-01-12 00:10:00,872 ] 46 root - INFO - Entered the save_object method of MainUtils class
[ 2025-01-12 00:10:00,926 ] 50 root - INFO - Exited the save_object method of MainUtils class
[ 2025-01-12 00:10:00,926 ] 132 root - INFO - Model trainer artifactModelTrainerArtifact(trained_model_file_path='Artifacts\\01_12_2025_00_04_04\\model_trainer\\trained_model\\model.pkl', train_metric_artifact=ClassificationMetricArtifact(f1_score=0.990994637255894, precision_score=0.9867015917791658, recall_score=0.9953252032520326), test_metric_artifact=ClassificationMetricArtifact(f1_score=0.9795754905887064, precision_score=0.9706349206349206, recall_score=0.9886822958771221))
