[ 2025-01-12 00:48:48,133 ] 1025 httpx - INFO - HTTP Request: GET https://dagshub.com/api/v1/user "HTTP/1.1 200 OK"
[ 2025-01-12 00:48:48,140 ] 107 dagshub - INFO - Accessing as Manohar-mata
[ 2025-01-12 00:48:48,309 ] 1025 httpx - INFO - HTTP Request: GET https://dagshub.com/api/v1/repos/Manohar-mata/NetworkSecurity "HTTP/1.1 200 OK"
[ 2025-01-12 00:48:48,448 ] 1025 httpx - INFO - HTTP Request: GET https://dagshub.com/api/v1/user "HTTP/1.1 200 OK"
[ 2025-01-12 00:48:48,451 ] 107 dagshub - INFO - Initialized MLflow to track repo "Manohar-mata/NetworkSecurity"
[ 2025-01-12 00:48:48,452 ] 107 dagshub - INFO - Repository Manohar-mata/NetworkSecurity initialized!
[ 2025-01-12 00:48:49,002 ] 42 root - INFO - Start data Ingestion
[ 2025-01-12 00:48:49,204 ] 96 pymongo.serverSelection - INFO - {"message": "Waiting for suitable server to become available", "selector": "Primary()", "operation": "find", "topologyDescription": "<TopologyDescription id: 6782c4191bf2dec34c18d09f, topology_type: ReplicaSetNoPrimary, servers: [<ServerDescription ('cluster0-shard-00-00.7be0x.mongodb.net', 27017) server_type: Unknown, rtt: None>, <ServerDescription ('cluster0-shard-00-01.7be0x.mongodb.net', 27017) server_type: Unknown, rtt: None>, <ServerDescription ('cluster0-shard-00-02.7be0x.mongodb.net', 27017) server_type: Unknown, rtt: None>]>", "clientId": {"$oid": "6782c4191bf2dec34c18d09f"}, "remainingTimeMS": 30}
[ 2025-01-12 00:48:51,653 ] 68 root - INFO - performed train test split on dataframe
[ 2025-01-12 00:48:51,654 ] 73 root - INFO - Created directory for train test data
[ 2025-01-12 00:48:51,817 ] 80 root - INFO - Exported train and test file path
[ 2025-01-12 00:48:51,823 ] 45 root - INFO - Data Ingestion completed and artifact: DataIngestoinArtifacts(trained_file_path='Artifacts\\01_12_2025_00_48_45\\data_ingestion\\ingested\\train.csv', tested_file_path='Artifacts\\01_12_2025_00_48_45\\data_ingestion\\ingested\\test.csv')
[ 2025-01-12 00:48:51,831 ] 55 root - INFO - Initiate the data Validation
[ 2025-01-12 00:48:51,916 ] 34 root - INFO - Required number of columns:2
[ 2025-01-12 00:48:51,917 ] 35 root - INFO - Data Frame has columns :Index(['_id', 'having_IP_Address', 'URL_Length', 'Shortining_Service',
       'having_At_Symbol', 'double_slash_redirecting', 'Prefix_Suffix',
       'having_Sub_Domain', 'SSLfinal_State', 'Domain_registeration_length',
       'Favicon', 'port', 'HTTPS_token', 'Request_URL', 'URL_of_Anchor',
       'Links_in_tags', 'SFH', 'Submitting_to_email', 'Abnormal_URL',
       'Redirect', 'on_mouseover', 'RightClick', 'popUpWidnow', 'Iframe',
       'age_of_domain', 'DNSRecord', 'web_traffic', 'Page_Rank',
       'Google_Index', 'Links_pointing_to_page', 'Statistical_report',
       'Result'],
      dtype='object')
[ 2025-01-12 00:48:51,917 ] 34 root - INFO - Required number of columns:2
[ 2025-01-12 00:48:51,917 ] 35 root - INFO - Data Frame has columns :Index(['_id', 'having_IP_Address', 'URL_Length', 'Shortining_Service',
       'having_At_Symbol', 'double_slash_redirecting', 'Prefix_Suffix',
       'having_Sub_Domain', 'SSLfinal_State', 'Domain_registeration_length',
       'Favicon', 'port', 'HTTPS_token', 'Request_URL', 'URL_of_Anchor',
       'Links_in_tags', 'SFH', 'Submitting_to_email', 'Abnormal_URL',
       'Redirect', 'on_mouseover', 'RightClick', 'popUpWidnow', 'Iframe',
       'age_of_domain', 'DNSRecord', 'web_traffic', 'Page_Rank',
       'Google_Index', 'Links_pointing_to_page', 'Statistical_report',
       'Result'],
      dtype='object')
[ 2025-01-12 00:48:52,221 ] 58 root - INFO - Entered initiate_data_transformation method of DataTransformation class
[ 2025-01-12 00:48:52,221 ] 60 root - INFO - Starting data transformation
[ 2025-01-12 00:48:52,338 ] 45 root - INFO - Entered get_data_transformer_object method of DataTransformation class
[ 2025-01-12 00:48:52,339 ] 48 root - INFO - Initialized KNNImputer with {'missing_values': nan, 'n_neighbors': 3, 'weights': 'uniform'}
[ 2025-01-12 00:49:18,816 ] 46 root - INFO - Entered the save_object method of MainUtils class
[ 2025-01-12 00:49:18,820 ] 50 root - INFO - Exited the save_object method of MainUtils class
[ 2025-01-12 00:49:18,820 ] 46 root - INFO - Entered the save_object method of MainUtils class
[ 2025-01-12 00:49:18,824 ] 50 root - INFO - Exited the save_object method of MainUtils class
[ 2025-01-12 00:49:18,824 ] 103 root - INFO - Data transformation completed successfully
