[ 2025-01-12 00:55:51,628 ] 1025 httpx - INFO - HTTP Request: GET https://dagshub.com/api/v1/user "HTTP/1.1 200 OK"
[ 2025-01-12 00:55:51,634 ] 107 dagshub - INFO - Accessing as Manohar-mata
[ 2025-01-12 00:55:51,819 ] 1025 httpx - INFO - HTTP Request: GET https://dagshub.com/api/v1/repos/Manohar-mata/NetworkSecurity "HTTP/1.1 200 OK"
[ 2025-01-12 00:55:51,956 ] 1025 httpx - INFO - HTTP Request: GET https://dagshub.com/api/v1/user "HTTP/1.1 200 OK"
[ 2025-01-12 00:55:51,958 ] 107 dagshub - INFO - Initialized MLflow to track repo "Manohar-mata/NetworkSecurity"
[ 2025-01-12 00:55:51,959 ] 107 dagshub - INFO - Repository Manohar-mata/NetworkSecurity initialized!
[ 2025-01-12 00:56:21,731 ] 42 root - INFO - Start data Ingestion
[ 2025-01-12 00:56:21,936 ] 96 pymongo.serverSelection - INFO - {"message": "Waiting for suitable server to become available", "selector": "Primary()", "operation": "find", "topologyDescription": "<TopologyDescription id: 6782c5dda20f0afd323e9ab9, topology_type: ReplicaSetNoPrimary, servers: [<ServerDescription ('cluster0-shard-00-00.7be0x.mongodb.net', 27017) server_type: Unknown, rtt: None>, <ServerDescription ('cluster0-shard-00-01.7be0x.mongodb.net', 27017) server_type: Unknown, rtt: None>, <ServerDescription ('cluster0-shard-00-02.7be0x.mongodb.net', 27017) server_type: Unknown, rtt: None>]>", "clientId": {"$oid": "6782c5dda20f0afd323e9ab9"}, "remainingTimeMS": 30}
[ 2025-01-12 00:56:24,361 ] 68 root - INFO - performed train test split on dataframe
[ 2025-01-12 00:56:24,362 ] 73 root - INFO - Created directory for train test data
[ 2025-01-12 00:56:24,523 ] 80 root - INFO - Exported train and test file path
[ 2025-01-12 00:56:24,531 ] 45 root - INFO - Data Ingestion completed and artifact: DataIngestoinArtifacts(trained_file_path='Artifacts\\01_12_2025_00_55_49\\data_ingestion\\ingested\\train.csv', tested_file_path='Artifacts\\01_12_2025_00_55_49\\data_ingestion\\ingested\\test.csv')
[ 2025-01-12 00:56:24,539 ] 55 root - INFO - Initiate the data Validation
[ 2025-01-12 00:56:24,617 ] 34 root - INFO - Required number of columns:2
[ 2025-01-12 00:56:24,618 ] 35 root - INFO - Data Frame has columns :Index(['_id', 'having_IP_Address', 'URL_Length', 'Shortining_Service',
       'having_At_Symbol', 'double_slash_redirecting', 'Prefix_Suffix',
       'having_Sub_Domain', 'SSLfinal_State', 'Domain_registeration_length',
       'Favicon', 'port', 'HTTPS_token', 'Request_URL', 'URL_of_Anchor',
       'Links_in_tags', 'SFH', 'Submitting_to_email', 'Abnormal_URL',
       'Redirect', 'on_mouseover', 'RightClick', 'popUpWidnow', 'Iframe',
       'age_of_domain', 'DNSRecord', 'web_traffic', 'Page_Rank',
       'Google_Index', 'Links_pointing_to_page', 'Statistical_report',
       'Result'],
      dtype='object')
[ 2025-01-12 00:56:24,618 ] 34 root - INFO - Required number of columns:2
[ 2025-01-12 00:56:24,618 ] 35 root - INFO - Data Frame has columns :Index(['_id', 'having_IP_Address', 'URL_Length', 'Shortining_Service',
       'having_At_Symbol', 'double_slash_redirecting', 'Prefix_Suffix',
       'having_Sub_Domain', 'SSLfinal_State', 'Domain_registeration_length',
       'Favicon', 'port', 'HTTPS_token', 'Request_URL', 'URL_of_Anchor',
       'Links_in_tags', 'SFH', 'Submitting_to_email', 'Abnormal_URL',
       'Redirect', 'on_mouseover', 'RightClick', 'popUpWidnow', 'Iframe',
       'age_of_domain', 'DNSRecord', 'web_traffic', 'Page_Rank',
       'Google_Index', 'Links_pointing_to_page', 'Statistical_report',
       'Result'],
      dtype='object')
[ 2025-01-12 00:56:24,944 ] 58 root - INFO - Entered initiate_data_transformation method of DataTransformation class
[ 2025-01-12 00:56:24,944 ] 60 root - INFO - Starting data transformation
[ 2025-01-12 00:56:25,065 ] 45 root - INFO - Entered get_data_transformer_object method of DataTransformation class
[ 2025-01-12 00:56:25,065 ] 48 root - INFO - Initialized KNNImputer with {'missing_values': nan, 'n_neighbors': 3, 'weights': 'uniform'}
[ 2025-01-12 00:56:49,911 ] 46 root - INFO - Entered the save_object method of MainUtils class
[ 2025-01-12 00:56:49,916 ] 50 root - INFO - Exited the save_object method of MainUtils class
[ 2025-01-12 00:56:49,916 ] 46 root - INFO - Entered the save_object method of MainUtils class
[ 2025-01-12 00:56:49,920 ] 50 root - INFO - Exited the save_object method of MainUtils class
[ 2025-01-12 00:56:49,920 ] 103 root - INFO - Data transformation completed successfully
