[ 2025-01-12 01:10:29,260 ] 1025 httpx - INFO - HTTP Request: GET https://dagshub.com/api/v1/user "HTTP/1.1 200 OK"
[ 2025-01-12 01:10:29,268 ] 107 dagshub - INFO - Accessing as Manohar-mata
[ 2025-01-12 01:10:29,441 ] 1025 httpx - INFO - HTTP Request: GET https://dagshub.com/api/v1/repos/Manohar-mata/NetworkSecurity "HTTP/1.1 200 OK"
[ 2025-01-12 01:10:29,589 ] 1025 httpx - INFO - HTTP Request: GET https://dagshub.com/api/v1/user "HTTP/1.1 200 OK"
[ 2025-01-12 01:10:29,591 ] 107 dagshub - INFO - Initialized MLflow to track repo "Manohar-mata/NetworkSecurity"
[ 2025-01-12 01:10:29,593 ] 107 dagshub - INFO - Repository Manohar-mata/NetworkSecurity initialized!
[ 2025-01-12 01:10:37,320 ] 42 root - INFO - Start data Ingestion
[ 2025-01-12 01:10:37,722 ] 96 pymongo.serverSelection - INFO - {"message": "Waiting for suitable server to become available", "selector": "Primary()", "operation": "find", "topologyDescription": "<TopologyDescription id: 6782c9359a3c9dd2d0191525, topology_type: ReplicaSetNoPrimary, servers: [<ServerDescription ('cluster0-shard-00-00.7be0x.mongodb.net', 27017) server_type: Unknown, rtt: None>, <ServerDescription ('cluster0-shard-00-01.7be0x.mongodb.net', 27017) server_type: Unknown, rtt: None>, <ServerDescription ('cluster0-shard-00-02.7be0x.mongodb.net', 27017) server_type: Unknown, rtt: None>]>", "clientId": {"$oid": "6782c9359a3c9dd2d0191525"}, "remainingTimeMS": 30}
[ 2025-01-12 01:10:39,873 ] 68 root - INFO - performed train test split on dataframe
[ 2025-01-12 01:10:39,874 ] 73 root - INFO - Created directory for train test data
[ 2025-01-12 01:10:40,006 ] 80 root - INFO - Exported train and test file path
[ 2025-01-12 01:10:40,008 ] 45 root - INFO - Data Ingestion completed and artifact: DataIngestoinArtifacts(trained_file_path='Artifacts\\01_12_2025_01_10_27\\data_ingestion\\ingested\\train.csv', tested_file_path='Artifacts\\01_12_2025_01_10_27\\data_ingestion\\ingested\\test.csv')
[ 2025-01-12 01:10:40,025 ] 55 root - INFO - Initiate the data Validation
[ 2025-01-12 01:10:40,117 ] 34 root - INFO - Required number of columns:2
[ 2025-01-12 01:10:40,117 ] 35 root - INFO - Data Frame has columns :Index(['having_IP_Address', 'URL_Length', 'Shortining_Service',
       'having_At_Symbol', 'double_slash_redirecting', 'Prefix_Suffix',
       'having_Sub_Domain', 'SSLfinal_State', 'Domain_registeration_length',
       'Favicon', 'port', 'HTTPS_token', 'Request_URL', 'URL_of_Anchor',
       'Links_in_tags', 'SFH', 'Submitting_to_email', 'Abnormal_URL',
       'Redirect', 'on_mouseover', 'RightClick', 'popUpWidnow', 'Iframe',
       'age_of_domain', 'DNSRecord', 'web_traffic', 'Page_Rank',
       'Google_Index', 'Links_pointing_to_page', 'Statistical_report',
       'Result'],
      dtype='object')
[ 2025-01-12 01:10:40,117 ] 34 root - INFO - Required number of columns:2
[ 2025-01-12 01:10:40,118 ] 35 root - INFO - Data Frame has columns :Index(['having_IP_Address', 'URL_Length', 'Shortining_Service',
       'having_At_Symbol', 'double_slash_redirecting', 'Prefix_Suffix',
       'having_Sub_Domain', 'SSLfinal_State', 'Domain_registeration_length',
       'Favicon', 'port', 'HTTPS_token', 'Request_URL', 'URL_of_Anchor',
       'Links_in_tags', 'SFH', 'Submitting_to_email', 'Abnormal_URL',
       'Redirect', 'on_mouseover', 'RightClick', 'popUpWidnow', 'Iframe',
       'age_of_domain', 'DNSRecord', 'web_traffic', 'Page_Rank',
       'Google_Index', 'Links_pointing_to_page', 'Statistical_report',
       'Result'],
      dtype='object')
[ 2025-01-12 01:10:40,373 ] 58 root - INFO - Entered initiate_data_transformation method of DataTransformation class
[ 2025-01-12 01:10:40,373 ] 60 root - INFO - Starting data transformation
[ 2025-01-12 01:10:40,497 ] 45 root - INFO - Entered get_data_transformer_object method of DataTransformation class
[ 2025-01-12 01:10:40,497 ] 48 root - INFO - Initialized KNNImputer with {'missing_values': nan, 'n_neighbors': 3, 'weights': 'uniform'}
[ 2025-01-12 01:10:40,523 ] 46 root - INFO - Entered the save_object method of MainUtils class
[ 2025-01-12 01:10:40,527 ] 50 root - INFO - Exited the save_object method of MainUtils class
[ 2025-01-12 01:10:40,528 ] 46 root - INFO - Entered the save_object method of MainUtils class
[ 2025-01-12 01:10:40,535 ] 50 root - INFO - Exited the save_object method of MainUtils class
[ 2025-01-12 01:10:40,535 ] 103 root - INFO - Data transformation completed successfully
[ 2025-01-12 01:17:40,752 ] 46 root - INFO - Entered the save_object method of MainUtils class
[ 2025-01-12 01:17:40,786 ] 50 root - INFO - Exited the save_object method of MainUtils class
[ 2025-01-12 01:18:09,524 ] 46 root - INFO - Entered the save_object method of MainUtils class
[ 2025-01-12 01:18:09,609 ] 50 root - INFO - Exited the save_object method of MainUtils class
[ 2025-01-12 01:18:09,609 ] 133 root - INFO - Model trainer artifactModelTrainerArtifact(trained_model_file_path='Artifacts\\01_12_2025_01_10_27\\model_trainer\\trained_model\\model.pkl', train_metric_artifact=ClassificationMetricArtifact(f1_score=0.9907829433809379, precision_score=0.9880808080808081, recall_score=0.993499898435913), test_metric_artifact=ClassificationMetricArtifact(f1_score=0.9890997174000807, precision_score=0.9855189058728882, recall_score=0.9927066450567261))
