[ 2025-01-12 00:34:54,736 ] 1025 httpx - INFO - HTTP Request: GET https://dagshub.com/api/v1/user "HTTP/1.1 200 OK"
[ 2025-01-12 00:34:54,742 ] 107 dagshub - INFO - Accessing as Manohar-mata
[ 2025-01-12 00:34:54,899 ] 1025 httpx - INFO - HTTP Request: GET https://dagshub.com/api/v1/repos/Manohar-mata/NetworkSecurity "HTTP/1.1 200 OK"
[ 2025-01-12 00:34:55,042 ] 1025 httpx - INFO - HTTP Request: GET https://dagshub.com/api/v1/user "HTTP/1.1 200 OK"
[ 2025-01-12 00:34:55,044 ] 107 dagshub - INFO - Initialized MLflow to track repo "Manohar-mata/NetworkSecurity"
[ 2025-01-12 00:34:55,045 ] 107 dagshub - INFO - Repository Manohar-mata/NetworkSecurity initialized!
[ 2025-01-12 00:35:13,236 ] 42 root - INFO - Start data Ingestion
[ 2025-01-12 00:35:13,486 ] 96 pymongo.serverSelection - INFO - {"message": "Waiting for suitable server to become available", "selector": "Primary()", "operation": "find", "topologyDescription": "<TopologyDescription id: 6782c0e93f721d3b4e7378a4, topology_type: ReplicaSetNoPrimary, servers: [<ServerDescription ('cluster0-shard-00-00.7be0x.mongodb.net', 27017) server_type: Unknown, rtt: None>, <ServerDescription ('cluster0-shard-00-01.7be0x.mongodb.net', 27017) server_type: Unknown, rtt: None>, <ServerDescription ('cluster0-shard-00-02.7be0x.mongodb.net', 27017) server_type: Unknown, rtt: None>]>", "clientId": {"$oid": "6782c0e93f721d3b4e7378a4"}, "remainingTimeMS": 30}
[ 2025-01-12 00:35:15,723 ] 68 root - INFO - performed train test split on dataframe
[ 2025-01-12 00:35:15,723 ] 73 root - INFO - Created directory for train test data
[ 2025-01-12 00:35:15,890 ] 80 root - INFO - Exported train and test file path
[ 2025-01-12 00:35:15,898 ] 45 root - INFO - Data Ingestion completed and artifact: DataIngestoinArtifacts(trained_file_path='Artifacts\\01_12_2025_00_34_52\\data_ingestion\\ingested\\train.csv', tested_file_path='Artifacts\\01_12_2025_00_34_52\\data_ingestion\\ingested\\test.csv')
[ 2025-01-12 00:35:15,906 ] 55 root - INFO - Initiate the data Validation
[ 2025-01-12 00:35:16,005 ] 34 root - INFO - Required number of columns:2
[ 2025-01-12 00:35:16,006 ] 35 root - INFO - Data Frame has columns :Index(['_id', 'having_IP_Address', 'URL_Length', 'Shortining_Service',
       'having_At_Symbol', 'double_slash_redirecting', 'Prefix_Suffix',
       'having_Sub_Domain', 'SSLfinal_State', 'Domain_registeration_length',
       'Favicon', 'port', 'HTTPS_token', 'Request_URL', 'URL_of_Anchor',
       'Links_in_tags', 'SFH', 'Submitting_to_email', 'Abnormal_URL',
       'Redirect', 'on_mouseover', 'RightClick', 'popUpWidnow', 'Iframe',
       'age_of_domain', 'DNSRecord', 'web_traffic', 'Page_Rank',
       'Google_Index', 'Links_pointing_to_page', 'Statistical_report',
       'Result'],
      dtype='object')
[ 2025-01-12 00:35:16,006 ] 34 root - INFO - Required number of columns:2
[ 2025-01-12 00:35:16,007 ] 35 root - INFO - Data Frame has columns :Index(['_id', 'having_IP_Address', 'URL_Length', 'Shortining_Service',
       'having_At_Symbol', 'double_slash_redirecting', 'Prefix_Suffix',
       'having_Sub_Domain', 'SSLfinal_State', 'Domain_registeration_length',
       'Favicon', 'port', 'HTTPS_token', 'Request_URL', 'URL_of_Anchor',
       'Links_in_tags', 'SFH', 'Submitting_to_email', 'Abnormal_URL',
       'Redirect', 'on_mouseover', 'RightClick', 'popUpWidnow', 'Iframe',
       'age_of_domain', 'DNSRecord', 'web_traffic', 'Page_Rank',
       'Google_Index', 'Links_pointing_to_page', 'Statistical_report',
       'Result'],
      dtype='object')
[ 2025-01-12 00:35:16,290 ] 58 root - INFO - Entered initiate_data_transformation method of DataTransformation class
[ 2025-01-12 00:35:16,290 ] 60 root - INFO - Starting data transformation
[ 2025-01-12 00:35:16,416 ] 45 root - INFO - Entered get_data_transformer_object method of DataTransformation class
[ 2025-01-12 00:35:16,416 ] 48 root - INFO - Initialized KNNImputer with {'missing_values': nan, 'n_neighbors': 3, 'weights': 'uniform'}
[ 2025-01-12 00:35:49,210 ] 46 root - INFO - Entered the save_object method of MainUtils class
[ 2025-01-12 00:35:49,227 ] 50 root - INFO - Exited the save_object method of MainUtils class
[ 2025-01-12 00:35:49,227 ] 46 root - INFO - Entered the save_object method of MainUtils class
[ 2025-01-12 00:35:49,231 ] 50 root - INFO - Exited the save_object method of MainUtils class
[ 2025-01-12 00:35:49,232 ] 103 root - INFO - Data transformation completed successfully
