[ 2025-01-10 05:48:45,009 ] 16 root - INFO - initiate the data ingestion
[ 2025-01-10 05:48:45,245 ] 96 pymongo.serverSelection - INFO - {"message": "Waiting for suitable server to become available", "selector": "Primary()", "operation": "find", "topologyDescription": "<TopologyDescription id: 6780676588195d01add415ab, topology_type: ReplicaSetNoPrimary, servers: [<ServerDescription ('cluster0-shard-00-00.7be0x.mongodb.net', 27017) server_type: Unknown, rtt: None>, <ServerDescription ('cluster0-shard-00-01.7be0x.mongodb.net', 27017) server_type: Unknown, rtt: None>, <ServerDescription ('cluster0-shard-00-02.7be0x.mongodb.net', 27017) server_type: Unknown, rtt: None>]>", "clientId": {"$oid": "6780676588195d01add415ab"}, "remainingTimeMS": 30}
[ 2025-01-10 05:48:46,822 ] 68 root - INFO - performed train test split on dataframe
[ 2025-01-10 05:48:46,822 ] 73 root - INFO - Created directory for train test data
[ 2025-01-10 05:48:46,897 ] 80 root - INFO - Exported train and test file path
[ 2025-01-10 05:48:46,902 ] 18 root - INFO - Data Ingestion is completed
[ 2025-01-10 05:48:46,910 ] 22 root - INFO - initiate data validation
[ 2025-01-10 05:48:46,974 ] 34 root - INFO - Required number of columns:2
[ 2025-01-10 05:48:46,974 ] 35 root - INFO - Data Frame has columns :Index(['_id', 'having_IP_Address', 'URL_Length', 'Shortining_Service',
       'having_At_Symbol', 'double_slash_redirecting', 'Prefix_Suffix',
       'having_Sub_Domain', 'SSLfinal_State', 'Domain_registeration_length',
       'Favicon', 'port', 'HTTPS_token', 'Request_URL', 'URL_of_Anchor',
       'Links_in_tags', 'SFH', 'Submitting_to_email', 'Abnormal_URL',
       'Redirect', 'on_mouseover', 'RightClick', 'popUpWidnow', 'Iframe',
       'age_of_domain', 'DNSRecord', 'web_traffic', 'Page_Rank',
       'Google_Index', 'Links_pointing_to_page', 'Statistical_report',
       'Result'],
      dtype='object')
[ 2025-01-10 05:48:46,974 ] 34 root - INFO - Required number of columns:2
[ 2025-01-10 05:48:46,974 ] 35 root - INFO - Data Frame has columns :Index(['_id', 'having_IP_Address', 'URL_Length', 'Shortining_Service',
       'having_At_Symbol', 'double_slash_redirecting', 'Prefix_Suffix',
       'having_Sub_Domain', 'SSLfinal_State', 'Domain_registeration_length',
       'Favicon', 'port', 'HTTPS_token', 'Request_URL', 'URL_of_Anchor',
       'Links_in_tags', 'SFH', 'Submitting_to_email', 'Abnormal_URL',
       'Redirect', 'on_mouseover', 'RightClick', 'popUpWidnow', 'Iframe',
       'age_of_domain', 'DNSRecord', 'web_traffic', 'Page_Rank',
       'Google_Index', 'Links_pointing_to_page', 'Statistical_report',
       'Result'],
      dtype='object')
[ 2025-01-10 05:48:47,150 ] 24 root - INFO - data validation is completed
[ 2025-01-10 05:48:47,150 ] 26 root - INFO - initiate the data tranformation
[ 2025-01-10 05:48:47,150 ] 28 root - INFO - data Transformation started
[ 2025-01-10 05:48:47,150 ] 58 root - INFO - Entered initiate_data_transformation method of DataTransformation class
[ 2025-01-10 05:48:47,150 ] 60 root - INFO - Starting data transformation
[ 2025-01-10 05:48:47,228 ] 45 root - INFO - Entered get_data_transformer_object method of DataTransformation class
[ 2025-01-10 05:48:47,228 ] 48 root - INFO - Initialized KNNImputer with {'missing_values': nan, 'n_neighbors': 3, 'weights': 'uniform'}
[ 2025-01-10 05:48:55,848 ] 46 root - INFO - Entered the save_object method of MainUtils class
[ 2025-01-10 05:48:55,853 ] 50 root - INFO - Exited the save_object method of MainUtils class
[ 2025-01-10 05:48:55,854 ] 100 root - INFO - Data transformation completed successfully
[ 2025-01-10 05:48:55,857 ] 32 root - INFO - data Transformation completed
[ 2025-01-10 05:48:55,857 ] 34 root - INFO - Model Training started
[ 2025-01-10 05:52:39,087 ] 46 root - INFO - Entered the save_object method of MainUtils class
[ 2025-01-10 05:52:39,168 ] 50 root - INFO - Exited the save_object method of MainUtils class
[ 2025-01-10 05:52:39,168 ] 128 root - INFO - Model trainer artifactModelTrainerArtifact(trained_model_file_path='Artifacts\\01_10_2025_05_48_42\\model_trainer\\trained_model\\model.pkl', train_metric_artifact=ClassificationMetricArtifact(f1_score=0.9914769878672416, precision_score=0.9901862607650711, recall_score=0.9927710843373494), test_metric_artifact=ClassificationMetricArtifact(f1_score=0.9762107051826678, precision_score=0.9762107051826678, recall_score=0.9762107051826678))
[ 2025-01-10 05:52:39,173 ] 38 root - INFO - Model Training artifact created
