[ 2025-01-10 06:12:58,500 ] 1025 httpx - INFO - HTTP Request: GET https://dagshub.com/api/v1/user "HTTP/1.1 200 OK"
[ 2025-01-10 06:12:58,505 ] 107 dagshub - INFO - Accessing as Manohar-mata
[ 2025-01-10 06:12:58,666 ] 1025 httpx - INFO - HTTP Request: GET https://dagshub.com/api/v1/repos/Manohar-mata/NetworkSecurity "HTTP/1.1 200 OK"
[ 2025-01-10 06:12:58,811 ] 1025 httpx - INFO - HTTP Request: GET https://dagshub.com/api/v1/user "HTTP/1.1 200 OK"
[ 2025-01-10 06:12:58,814 ] 107 dagshub - INFO - Initialized MLflow to track repo "Manohar-mata/NetworkSecurity"
[ 2025-01-10 06:12:58,815 ] 107 dagshub - INFO - Repository Manohar-mata/NetworkSecurity initialized!
[ 2025-01-10 06:12:58,815 ] 16 root - INFO - initiate the data ingestion
[ 2025-01-10 06:12:59,005 ] 96 pymongo.serverSelection - INFO - {"message": "Waiting for suitable server to become available", "selector": "Primary()", "operation": "find", "topologyDescription": "<TopologyDescription id: 67806d12c44383f544170e99, topology_type: ReplicaSetNoPrimary, servers: [<ServerDescription ('cluster0-shard-00-00.7be0x.mongodb.net', 27017) server_type: Unknown, rtt: None>, <ServerDescription ('cluster0-shard-00-01.7be0x.mongodb.net', 27017) server_type: Unknown, rtt: None>, <ServerDescription ('cluster0-shard-00-02.7be0x.mongodb.net', 27017) server_type: Unknown, rtt: None>]>", "clientId": {"$oid": "67806d12c44383f544170e99"}, "remainingTimeMS": 30}
[ 2025-01-10 06:13:00,488 ] 68 root - INFO - performed train test split on dataframe
[ 2025-01-10 06:13:00,488 ] 73 root - INFO - Created directory for train test data
[ 2025-01-10 06:13:00,551 ] 80 root - INFO - Exported train and test file path
[ 2025-01-10 06:13:00,554 ] 18 root - INFO - Data Ingestion is completed
[ 2025-01-10 06:13:00,561 ] 22 root - INFO - initiate data validation
[ 2025-01-10 06:13:00,619 ] 34 root - INFO - Required number of columns:2
[ 2025-01-10 06:13:00,619 ] 35 root - INFO - Data Frame has columns :Index(['_id', 'having_IP_Address', 'URL_Length', 'Shortining_Service',
       'having_At_Symbol', 'double_slash_redirecting', 'Prefix_Suffix',
       'having_Sub_Domain', 'SSLfinal_State', 'Domain_registeration_length',
       'Favicon', 'port', 'HTTPS_token', 'Request_URL', 'URL_of_Anchor',
       'Links_in_tags', 'SFH', 'Submitting_to_email', 'Abnormal_URL',
       'Redirect', 'on_mouseover', 'RightClick', 'popUpWidnow', 'Iframe',
       'age_of_domain', 'DNSRecord', 'web_traffic', 'Page_Rank',
       'Google_Index', 'Links_pointing_to_page', 'Statistical_report',
       'Result'],
      dtype='object')
[ 2025-01-10 06:13:00,619 ] 34 root - INFO - Required number of columns:2
[ 2025-01-10 06:13:00,620 ] 35 root - INFO - Data Frame has columns :Index(['_id', 'having_IP_Address', 'URL_Length', 'Shortining_Service',
       'having_At_Symbol', 'double_slash_redirecting', 'Prefix_Suffix',
       'having_Sub_Domain', 'SSLfinal_State', 'Domain_registeration_length',
       'Favicon', 'port', 'HTTPS_token', 'Request_URL', 'URL_of_Anchor',
       'Links_in_tags', 'SFH', 'Submitting_to_email', 'Abnormal_URL',
       'Redirect', 'on_mouseover', 'RightClick', 'popUpWidnow', 'Iframe',
       'age_of_domain', 'DNSRecord', 'web_traffic', 'Page_Rank',
       'Google_Index', 'Links_pointing_to_page', 'Statistical_report',
       'Result'],
      dtype='object')
[ 2025-01-10 06:13:00,781 ] 24 root - INFO - data validation is completed
[ 2025-01-10 06:13:00,782 ] 26 root - INFO - initiate the data tranformation
[ 2025-01-10 06:13:00,782 ] 28 root - INFO - data Transformation started
[ 2025-01-10 06:13:00,782 ] 58 root - INFO - Entered initiate_data_transformation method of DataTransformation class
[ 2025-01-10 06:13:00,782 ] 60 root - INFO - Starting data transformation
[ 2025-01-10 06:13:00,851 ] 45 root - INFO - Entered get_data_transformer_object method of DataTransformation class
[ 2025-01-10 06:13:00,851 ] 48 root - INFO - Initialized KNNImputer with {'missing_values': nan, 'n_neighbors': 3, 'weights': 'uniform'}
[ 2025-01-10 06:13:07,738 ] 46 root - INFO - Entered the save_object method of MainUtils class
[ 2025-01-10 06:13:07,744 ] 50 root - INFO - Exited the save_object method of MainUtils class
[ 2025-01-10 06:13:07,744 ] 46 root - INFO - Entered the save_object method of MainUtils class
[ 2025-01-10 06:13:07,746 ] 50 root - INFO - Exited the save_object method of MainUtils class
[ 2025-01-10 06:13:07,746 ] 103 root - INFO - Data transformation completed successfully
[ 2025-01-10 06:13:07,749 ] 32 root - INFO - data Transformation completed
[ 2025-01-10 06:13:07,749 ] 34 root - INFO - Model Training started
[ 2025-01-10 06:17:04,055 ] 46 root - INFO - Entered the save_object method of MainUtils class
[ 2025-01-10 06:17:04,205 ] 50 root - INFO - Exited the save_object method of MainUtils class
[ 2025-01-10 06:17:37,918 ] 46 root - INFO - Entered the save_object method of MainUtils class
[ 2025-01-10 06:17:37,965 ] 50 root - INFO - Exited the save_object method of MainUtils class
[ 2025-01-10 06:17:37,965 ] 132 root - INFO - Model trainer artifactModelTrainerArtifact(trained_model_file_path='Artifacts\\01_10_2025_06_12_56\\model_trainer\\trained_model\\model.pkl', train_metric_artifact=ClassificationMetricArtifact(f1_score=0.9904088844018172, precision_score=0.9875176162673646, recall_score=0.9933171324422844), test_metric_artifact=ClassificationMetricArtifact(f1_score=0.9775784753363228, precision_score=0.9716369529983793, recall_score=0.9835931091058244))
[ 2025-01-10 06:17:37,972 ] 38 root - INFO - Model Training artifact created
