[ 2025-01-10 08:38:10,242 ] 1025 httpx - INFO - HTTP Request: GET https://dagshub.com/api/v1/user "HTTP/1.1 200 OK"
[ 2025-01-10 08:38:10,249 ] 107 dagshub - INFO - Accessing as Manohar-mata
[ 2025-01-10 08:38:10,431 ] 1025 httpx - INFO - HTTP Request: GET https://dagshub.com/api/v1/repos/Manohar-mata/NetworkSecurity "HTTP/1.1 200 OK"
[ 2025-01-10 08:38:10,603 ] 1025 httpx - INFO - HTTP Request: GET https://dagshub.com/api/v1/user "HTTP/1.1 200 OK"
[ 2025-01-10 08:38:10,610 ] 107 dagshub - INFO - Initialized MLflow to track repo "Manohar-mata/NetworkSecurity"
[ 2025-01-10 08:38:10,614 ] 107 dagshub - INFO - Repository Manohar-mata/NetworkSecurity initialized!
[ 2025-01-10 08:38:24,483 ] 42 root - INFO - Start data Ingestion
[ 2025-01-10 08:38:24,675 ] 96 pymongo.serverSelection - INFO - {"message": "Waiting for suitable server to become available", "selector": "Primary()", "operation": "find", "topologyDescription": "<TopologyDescription id: 67808f28a707d9da9fcf2d44, topology_type: ReplicaSetNoPrimary, servers: [<ServerDescription ('cluster0-shard-00-00.7be0x.mongodb.net', 27017) server_type: Unknown, rtt: None>, <ServerDescription ('cluster0-shard-00-01.7be0x.mongodb.net', 27017) server_type: Unknown, rtt: None>, <ServerDescription ('cluster0-shard-00-02.7be0x.mongodb.net', 27017) server_type: Unknown, rtt: None>]>", "clientId": {"$oid": "67808f28a707d9da9fcf2d44"}, "remainingTimeMS": 30}
[ 2025-01-10 08:38:27,095 ] 68 root - INFO - performed train test split on dataframe
[ 2025-01-10 08:38:27,095 ] 73 root - INFO - Created directory for train test data
[ 2025-01-10 08:38:27,162 ] 80 root - INFO - Exported train and test file path
[ 2025-01-10 08:38:27,165 ] 45 root - INFO - Data Ingestion completed and artifact: DataIngestoinArtifacts(trained_file_path='Artifacts\\01_10_2025_08_38_07\\data_ingestion\\ingested\\train.csv', tested_file_path='Artifacts\\01_10_2025_08_38_07\\data_ingestion\\ingested\\test.csv')
[ 2025-01-10 08:38:27,173 ] 55 root - INFO - Initiate the data Validation
[ 2025-01-10 08:38:27,229 ] 34 root - INFO - Required number of columns:2
[ 2025-01-10 08:38:27,230 ] 35 root - INFO - Data Frame has columns :Index(['_id', 'having_IP_Address', 'URL_Length', 'Shortining_Service',
       'having_At_Symbol', 'double_slash_redirecting', 'Prefix_Suffix',
       'having_Sub_Domain', 'SSLfinal_State', 'Domain_registeration_length',
       'Favicon', 'port', 'HTTPS_token', 'Request_URL', 'URL_of_Anchor',
       'Links_in_tags', 'SFH', 'Submitting_to_email', 'Abnormal_URL',
       'Redirect', 'on_mouseover', 'RightClick', 'popUpWidnow', 'Iframe',
       'age_of_domain', 'DNSRecord', 'web_traffic', 'Page_Rank',
       'Google_Index', 'Links_pointing_to_page', 'Statistical_report',
       'Result'],
      dtype='object')
[ 2025-01-10 08:38:27,230 ] 34 root - INFO - Required number of columns:2
[ 2025-01-10 08:38:27,230 ] 35 root - INFO - Data Frame has columns :Index(['_id', 'having_IP_Address', 'URL_Length', 'Shortining_Service',
       'having_At_Symbol', 'double_slash_redirecting', 'Prefix_Suffix',
       'having_Sub_Domain', 'SSLfinal_State', 'Domain_registeration_length',
       'Favicon', 'port', 'HTTPS_token', 'Request_URL', 'URL_of_Anchor',
       'Links_in_tags', 'SFH', 'Submitting_to_email', 'Abnormal_URL',
       'Redirect', 'on_mouseover', 'RightClick', 'popUpWidnow', 'Iframe',
       'age_of_domain', 'DNSRecord', 'web_traffic', 'Page_Rank',
       'Google_Index', 'Links_pointing_to_page', 'Statistical_report',
       'Result'],
      dtype='object')
[ 2025-01-10 08:38:27,389 ] 58 root - INFO - Entered initiate_data_transformation method of DataTransformation class
[ 2025-01-10 08:38:27,389 ] 60 root - INFO - Starting data transformation
[ 2025-01-10 08:38:27,455 ] 45 root - INFO - Entered get_data_transformer_object method of DataTransformation class
[ 2025-01-10 08:38:27,456 ] 48 root - INFO - Initialized KNNImputer with {'missing_values': nan, 'n_neighbors': 3, 'weights': 'uniform'}
[ 2025-01-10 08:38:35,421 ] 46 root - INFO - Entered the save_object method of MainUtils class
[ 2025-01-10 08:38:35,427 ] 50 root - INFO - Exited the save_object method of MainUtils class
[ 2025-01-10 08:38:35,427 ] 46 root - INFO - Entered the save_object method of MainUtils class
[ 2025-01-10 08:38:35,430 ] 50 root - INFO - Exited the save_object method of MainUtils class
[ 2025-01-10 08:38:35,430 ] 103 root - INFO - Data transformation completed successfully
[ 2025-01-10 08:42:27,096 ] 46 root - INFO - Entered the save_object method of MainUtils class
[ 2025-01-10 08:42:27,146 ] 50 root - INFO - Exited the save_object method of MainUtils class
[ 2025-01-10 08:43:02,863 ] 46 root - INFO - Entered the save_object method of MainUtils class
[ 2025-01-10 08:43:02,922 ] 50 root - INFO - Exited the save_object method of MainUtils class
[ 2025-01-10 08:43:02,922 ] 132 root - INFO - Model trainer artifactModelTrainerArtifact(trained_model_file_path='Artifacts\\01_10_2025_08_38_07\\model_trainer\\trained_model\\model.pkl', train_metric_artifact=ClassificationMetricArtifact(f1_score=0.9917221885725823, precision_score=0.988131160732247, recall_score=0.9953394123606889), test_metric_artifact=ClassificationMetricArtifact(f1_score=0.9697959183673469, precision_score=0.9674267100977199, recall_score=0.972176759410802))
