[ 2025-01-10 07:55:26,092 ] 1025 httpx - INFO - HTTP Request: GET https://dagshub.com/api/v1/user "HTTP/1.1 200 OK"
[ 2025-01-10 07:55:26,097 ] 107 dagshub - INFO - Accessing as Manohar-mata
[ 2025-01-10 07:55:26,277 ] 1025 httpx - INFO - HTTP Request: GET https://dagshub.com/api/v1/repos/Manohar-mata/NetworkSecurity "HTTP/1.1 200 OK"
[ 2025-01-10 07:55:26,420 ] 1025 httpx - INFO - HTTP Request: GET https://dagshub.com/api/v1/user "HTTP/1.1 200 OK"
[ 2025-01-10 07:55:26,422 ] 107 dagshub - INFO - Initialized MLflow to track repo "Manohar-mata/NetworkSecurity"
[ 2025-01-10 07:55:26,423 ] 107 dagshub - INFO - Repository Manohar-mata/NetworkSecurity initialized!
[ 2025-01-10 07:55:54,702 ] 42 root - INFO - Start data Ingestion
[ 2025-01-10 07:55:54,922 ] 96 pymongo.serverSelection - INFO - {"message": "Waiting for suitable server to become available", "selector": "Primary()", "operation": "find", "topologyDescription": "<TopologyDescription id: 67808532bc0b9ec6e1779ec2, topology_type: ReplicaSetNoPrimary, servers: [<ServerDescription ('cluster0-shard-00-00.7be0x.mongodb.net', 27017) server_type: Unknown, rtt: None>, <ServerDescription ('cluster0-shard-00-01.7be0x.mongodb.net', 27017) server_type: Unknown, rtt: None>, <ServerDescription ('cluster0-shard-00-02.7be0x.mongodb.net', 27017) server_type: Unknown, rtt: None>]>", "clientId": {"$oid": "67808532bc0b9ec6e1779ec2"}, "remainingTimeMS": 30}
[ 2025-01-10 07:55:56,764 ] 68 root - INFO - performed train test split on dataframe
[ 2025-01-10 07:55:56,764 ] 73 root - INFO - Created directory for train test data
[ 2025-01-10 07:55:56,849 ] 80 root - INFO - Exported train and test file path
[ 2025-01-10 07:55:56,853 ] 45 root - INFO - Data Ingestion completed and artifact: DataIngestoinArtifacts(trained_file_path='Artifacts\\01_10_2025_07_55_23\\data_ingestion\\ingested\\train.csv', tested_file_path='Artifacts\\01_10_2025_07_55_23\\data_ingestion\\ingested\\test.csv')
[ 2025-01-10 07:55:56,861 ] 55 root - INFO - Initiate the data Validation
[ 2025-01-10 07:55:56,920 ] 34 root - INFO - Required number of columns:2
[ 2025-01-10 07:55:56,920 ] 35 root - INFO - Data Frame has columns :Index(['_id', 'having_IP_Address', 'URL_Length', 'Shortining_Service',
       'having_At_Symbol', 'double_slash_redirecting', 'Prefix_Suffix',
       'having_Sub_Domain', 'SSLfinal_State', 'Domain_registeration_length',
       'Favicon', 'port', 'HTTPS_token', 'Request_URL', 'URL_of_Anchor',
       'Links_in_tags', 'SFH', 'Submitting_to_email', 'Abnormal_URL',
       'Redirect', 'on_mouseover', 'RightClick', 'popUpWidnow', 'Iframe',
       'age_of_domain', 'DNSRecord', 'web_traffic', 'Page_Rank',
       'Google_Index', 'Links_pointing_to_page', 'Statistical_report',
       'Result'],
      dtype='object')
[ 2025-01-10 07:55:56,920 ] 34 root - INFO - Required number of columns:2
[ 2025-01-10 07:55:56,922 ] 35 root - INFO - Data Frame has columns :Index(['_id', 'having_IP_Address', 'URL_Length', 'Shortining_Service',
       'having_At_Symbol', 'double_slash_redirecting', 'Prefix_Suffix',
       'having_Sub_Domain', 'SSLfinal_State', 'Domain_registeration_length',
       'Favicon', 'port', 'HTTPS_token', 'Request_URL', 'URL_of_Anchor',
       'Links_in_tags', 'SFH', 'Submitting_to_email', 'Abnormal_URL',
       'Redirect', 'on_mouseover', 'RightClick', 'popUpWidnow', 'Iframe',
       'age_of_domain', 'DNSRecord', 'web_traffic', 'Page_Rank',
       'Google_Index', 'Links_pointing_to_page', 'Statistical_report',
       'Result'],
      dtype='object')
[ 2025-01-10 07:55:57,107 ] 58 root - INFO - Entered initiate_data_transformation method of DataTransformation class
[ 2025-01-10 07:55:57,107 ] 60 root - INFO - Starting data transformation
[ 2025-01-10 07:55:57,178 ] 45 root - INFO - Entered get_data_transformer_object method of DataTransformation class
[ 2025-01-10 07:55:57,179 ] 48 root - INFO - Initialized KNNImputer with {'missing_values': nan, 'n_neighbors': 3, 'weights': 'uniform'}
[ 2025-01-10 07:56:07,967 ] 46 root - INFO - Entered the save_object method of MainUtils class
[ 2025-01-10 07:56:07,974 ] 50 root - INFO - Exited the save_object method of MainUtils class
[ 2025-01-10 07:56:07,974 ] 46 root - INFO - Entered the save_object method of MainUtils class
[ 2025-01-10 07:56:07,978 ] 50 root - INFO - Exited the save_object method of MainUtils class
[ 2025-01-10 07:56:07,979 ] 103 root - INFO - Data transformation completed successfully
[ 2025-01-10 08:01:00,821 ] 46 root - INFO - Entered the save_object method of MainUtils class
[ 2025-01-10 08:01:00,846 ] 50 root - INFO - Exited the save_object method of MainUtils class
[ 2025-01-10 08:01:28,659 ] 46 root - INFO - Entered the save_object method of MainUtils class
[ 2025-01-10 08:01:28,695 ] 50 root - INFO - Exited the save_object method of MainUtils class
[ 2025-01-10 08:01:28,695 ] 132 root - INFO - Model trainer artifactModelTrainerArtifact(trained_model_file_path='Artifacts\\01_10_2025_07_55_23\\model_trainer\\trained_model\\model.pkl', train_metric_artifact=ClassificationMetricArtifact(f1_score=0.9913393756294059, precision_score=0.9881549889580405, recall_score=0.9945443523944231), test_metric_artifact=ClassificationMetricArtifact(f1_score=0.9777594728171335, precision_score=0.9729508196721312, recall_score=0.9826158940397351))
