[ 2025-01-10 06:00:49,363 ] 1025 httpx - INFO - HTTP Request: GET https://dagshub.com/api/v1/user "HTTP/1.1 200 OK"
[ 2025-01-10 06:00:49,371 ] 107 dagshub - INFO - Accessing as Manohar-mata
[ 2025-01-10 06:00:49,535 ] 1025 httpx - INFO - HTTP Request: GET https://dagshub.com/api/v1/repos/Manohar-mata/NetworkSecurity "HTTP/1.1 200 OK"
[ 2025-01-10 06:00:49,666 ] 1025 httpx - INFO - HTTP Request: GET https://dagshub.com/api/v1/user "HTTP/1.1 200 OK"
[ 2025-01-10 06:00:49,668 ] 107 dagshub - INFO - Initialized MLflow to track repo "Manohar-mata/NetworkSecurity"
[ 2025-01-10 06:00:49,707 ] 107 dagshub - INFO - Repository Manohar-mata/NetworkSecurity initialized!
[ 2025-01-10 06:00:49,709 ] 16 root - INFO - initiate the data ingestion
[ 2025-01-10 06:00:50,099 ] 96 pymongo.serverSelection - INFO - {"message": "Waiting for suitable server to become available", "selector": "Primary()", "operation": "find", "topologyDescription": "<TopologyDescription id: 67806a3a64651f06974aba4c, topology_type: ReplicaSetNoPrimary, servers: [<ServerDescription ('cluster0-shard-00-00.7be0x.mongodb.net', 27017) server_type: Unknown, rtt: None>, <ServerDescription ('cluster0-shard-00-01.7be0x.mongodb.net', 27017) server_type: Unknown, rtt: None>, <ServerDescription ('cluster0-shard-00-02.7be0x.mongodb.net', 27017) server_type: Unknown, rtt: None>]>", "clientId": {"$oid": "67806a3a64651f06974aba4c"}, "remainingTimeMS": 30}
[ 2025-01-10 06:00:51,657 ] 68 root - INFO - performed train test split on dataframe
[ 2025-01-10 06:00:51,658 ] 73 root - INFO - Created directory for train test data
[ 2025-01-10 06:00:51,723 ] 80 root - INFO - Exported train and test file path
[ 2025-01-10 06:00:51,727 ] 18 root - INFO - Data Ingestion is completed
[ 2025-01-10 06:00:51,735 ] 22 root - INFO - initiate data validation
[ 2025-01-10 06:00:51,796 ] 34 root - INFO - Required number of columns:2
[ 2025-01-10 06:00:51,796 ] 35 root - INFO - Data Frame has columns :Index(['_id', 'having_IP_Address', 'URL_Length', 'Shortining_Service',
       'having_At_Symbol', 'double_slash_redirecting', 'Prefix_Suffix',
       'having_Sub_Domain', 'SSLfinal_State', 'Domain_registeration_length',
       'Favicon', 'port', 'HTTPS_token', 'Request_URL', 'URL_of_Anchor',
       'Links_in_tags', 'SFH', 'Submitting_to_email', 'Abnormal_URL',
       'Redirect', 'on_mouseover', 'RightClick', 'popUpWidnow', 'Iframe',
       'age_of_domain', 'DNSRecord', 'web_traffic', 'Page_Rank',
       'Google_Index', 'Links_pointing_to_page', 'Statistical_report',
       'Result'],
      dtype='object')
[ 2025-01-10 06:00:51,796 ] 34 root - INFO - Required number of columns:2
[ 2025-01-10 06:00:51,797 ] 35 root - INFO - Data Frame has columns :Index(['_id', 'having_IP_Address', 'URL_Length', 'Shortining_Service',
       'having_At_Symbol', 'double_slash_redirecting', 'Prefix_Suffix',
       'having_Sub_Domain', 'SSLfinal_State', 'Domain_registeration_length',
       'Favicon', 'port', 'HTTPS_token', 'Request_URL', 'URL_of_Anchor',
       'Links_in_tags', 'SFH', 'Submitting_to_email', 'Abnormal_URL',
       'Redirect', 'on_mouseover', 'RightClick', 'popUpWidnow', 'Iframe',
       'age_of_domain', 'DNSRecord', 'web_traffic', 'Page_Rank',
       'Google_Index', 'Links_pointing_to_page', 'Statistical_report',
       'Result'],
      dtype='object')
[ 2025-01-10 06:00:51,964 ] 24 root - INFO - data validation is completed
[ 2025-01-10 06:00:51,964 ] 26 root - INFO - initiate the data tranformation
[ 2025-01-10 06:00:51,964 ] 28 root - INFO - data Transformation started
[ 2025-01-10 06:00:51,964 ] 58 root - INFO - Entered initiate_data_transformation method of DataTransformation class
[ 2025-01-10 06:00:51,964 ] 60 root - INFO - Starting data transformation
[ 2025-01-10 06:00:52,036 ] 45 root - INFO - Entered get_data_transformer_object method of DataTransformation class
[ 2025-01-10 06:00:52,037 ] 48 root - INFO - Initialized KNNImputer with {'missing_values': nan, 'n_neighbors': 3, 'weights': 'uniform'}
[ 2025-01-10 06:00:58,978 ] 46 root - INFO - Entered the save_object method of MainUtils class
[ 2025-01-10 06:00:58,984 ] 50 root - INFO - Exited the save_object method of MainUtils class
[ 2025-01-10 06:00:58,984 ] 100 root - INFO - Data transformation completed successfully
[ 2025-01-10 06:00:58,988 ] 32 root - INFO - data Transformation completed
[ 2025-01-10 06:00:58,989 ] 34 root - INFO - Model Training started
[ 2025-01-10 06:05:28,310 ] 46 root - INFO - Entered the save_object method of MainUtils class
[ 2025-01-10 06:05:28,363 ] 50 root - INFO - Exited the save_object method of MainUtils class
[ 2025-01-10 06:05:28,364 ] 131 root - INFO - Model trainer artifactModelTrainerArtifact(trained_model_file_path='Artifacts\\01_10_2025_06_00_45\\model_trainer\\trained_model\\model.pkl', train_metric_artifact=ClassificationMetricArtifact(f1_score=0.9905727318803852, precision_score=0.9864728447405613, recall_score=0.9947068403908795), test_metric_artifact=ClassificationMetricArtifact(f1_score=0.980439121756487, precision_score=0.9746031746031746, recall_score=0.9863453815261044))
[ 2025-01-10 06:05:28,368 ] 38 root - INFO - Model Training artifact created
